Unable to capture context for thread 12232 in process 8640, can not generate back trace
Unable to capture context for thread 7148 in process 8640, can not generate back trace
Exception at PC 0x00007FF8931EBB93
Printing stacktrace...

[0]  [0x00007FF8931EBB93]
[1]  [0x00007FF8931EBB93]
[2]  [0x00007FF8931EB4A1]
[3]  [0x00007FF8931EB3EF]
[4]  [0x00007FF8931D19FE]
[5]  [0x00007FF8931D0ED1]
[6]  [0x00007FF8931D0D76]
[7]  [0x00007FF8931779F6]
[8]  [0x00007FF893167AFB]
[9]  [0x00007FF89328E90A]
[10]  [0x00007FF8932A9F87]
[11]  [0x00007FF8932AA05F]
[12] (BaseThreadInitThunk+0x14) [0x00007FF8F6D92774]
[13] (RtlUserThreadStart+0x21) [0x00007FF8F70B0D51]
Done
Exception at PC 0x00007FF892EF1A52
Attemped to write at address 0x00007FF8CD31ABA4
Printing stacktrace...

[0]  [0x00007FF892EF1A52]
[1]  [0x00007FF892EF1A52]
[2]  [0x00007FF892EF1AD4]
[3]  [0x00007FF893033FF7]
[4]  [0x00007FF892F19128]
[5]  [0x00007FF8931CDFB9]
[6]  [0x00007FF89339EF23]
[7]  [0x00007FF8932AB06B]
[8]  [0x00007FF8932A08AF]
[9]  [0x00007FF8932A0A32]
[10] (RtlDeactivateActivationContextUnsafeFast+0x1af) [0x00007FF8F706485F]
[11] (LdrShutdownProcess+0x12c) [0x00007FF8F708D43C]
[12] (RtlExitUserProcess+0xb4) [0x00007FF8F708D2F4]
[13] (FatalExit+0xa) [0x00007FF8F6D9C0DA]
[14] (exit+0x75) [0x00007FF8F5BBA045]
[15] (initterm_e+0x21d) [0x00007FF8F5BBA68D]
[16]  [0x00000000004014CD]
[17]  [0x000000000040151B]
[18] (BaseThreadInitThunk+0x14) [0x00007FF8F6D92774]
[19] (RtlUserThreadStart+0x21) [0x00007FF8F70B0D51]
Done
